<?xml version="1.0" encoding="UTF-8"?>
<testng-results ignored="0" total="1" passed="1" failed="0" skipped="0">
  <reporter-output>
  </reporter-output>
  <suite started-at="2020-05-03T22:25:18Z" name="Default suite" finished-at="2020-05-03T22:25:32Z" duration-ms="13877">
    <groups>
    </groups>
    <test started-at="2020-05-03T22:25:18Z" name="Default test" finished-at="2020-05-03T22:25:32Z" duration-ms="13877">
      <class name="frameSwitch.FramePractice">
        <test-method signature="mainTest()[pri:0, instance:frameSwitch.FramePractice@35aea049]" started-at="2020-05-03T22:25:18Z" name="mainTest" finished-at="2020-05-03T22:25:32Z" duration-ms="13821" status="PASS">
          <reporter-output>
          </reporter-output>
        </test-method> <!-- mainTest -->
      </class> <!-- frameSwitch.FramePractice -->
    </test> <!-- Default test -->
  </suite> <!-- Default suite -->
</testng-results>
